# JRE version: OpenJDK Runtime Environment JBR-17.0.8+7-1000.22-jcef (17.0.8+7) (build 17.0.8+7-b1000.22)
# Java VM: OpenJDK 64-Bit Server VM JBR-17.0.8+7-1000.22-jcef (17.0.8+7-b1000.22, mixed mode, tiered, compressed oops, compressed class ptrs, g1 gc, windows-amd64)
GC Precious Log:
 CPUs: 4 total, 4 available
 Memory: 3790M
 Large Page Support: Disabled
 NUMA Support: Disabled
 Compressed Oops: Enabled (32-bit)
 Heap Region Size: 1M
 Heap Min Capacity: 8M
 Heap Initial Capacity: 60M
 Heap Max Capacity: 948M
 Pre-touch: Disabled
 Parallel Workers: 4
 Concurrent Workers: 1
 Concurrent Refinement Workers: 4
 Periodic GC: Disabled
Heap:
 garbage-first heap   total 70656K, used 53518K [0x00000000c4c00000, 0x0000000100000000)
  region size 1024K, 18 young (18432K), 1 survivors (1024K)
 Metaspace       used 81286K, committed 81920K, reserved 1179648K
  class space    used 10863K, committed 11136K, reserved 1048576K
GC Heap History (20 events):
Event: 6.013 GC heap before
{Heap before GC invocations=15 (full 0):
 garbage-first heap   total 58368K, used 43420K [0x00000000c4c00000, 0x0000000100000000)
  region size 1024K, 22 young (22528K), 2 survivors (2048K)
 Metaspace       used 46566K, committed 46976K, reserved 1114112K
  class space    used 5810K, committed 6016K, reserved 1048576K
}
Event: 6.015 GC heap after
{Heap after GC invocations=16 (full 0):
 garbage-first heap   total 58368K, used 23670K [0x00000000c4c00000, 0x0000000100000000)
  region size 1024K, 2 young (2048K), 2 survivors (2048K)
 Metaspace       used 46566K, committed 46976K, reserved 1114112K
  class space    used 5810K, committed 6016K, reserved 1048576K
}
Event: 6.434 GC heap before
{Heap before GC invocations=16 (full 0):
 garbage-first heap   total 58368K, used 44150K [0x00000000c4c00000, 0x0000000100000000)
  region size 1024K, 23 young (23552K), 2 survivors (2048K)
 Metaspace       used 51858K, committed 52288K, reserved 1114112K
  class space    used 6564K, committed 6720K, reserved 1048576K
}
Event: 6.438 GC heap after
{Heap after GC invocations=17 (full 0):
 garbage-first heap   total 58368K, used 25556K [0x00000000c4c00000, 0x0000000100000000)
  region size 1024K, 3 young (3072K), 3 survivors (3072K)
 Metaspace       used 51858K, committed 52288K, reserved 1114112K
  class space    used 6564K, committed 6720K, reserved 1048576K
}
Event: 6.868 GC heap before
{Heap before GC invocations=17 (full 0):
 garbage-first heap   total 58368K, used 45012K [0x00000000c4c00000, 0x0000000100000000)
  region size 1024K, 22 young (22528K), 3 survivors (3072K)
 Metaspace       used 56169K, committed 56640K, reserved 1114112K
  class space    used 7172K, committed 7424K, reserved 1048576K
}
Event: 6.871 GC heap after
{Heap after GC invocations=18 (full 0):
 garbage-first heap   total 58368K, used 27037K [0x00000000c4c00000, 0x0000000100000000)
  region size 1024K, 2 young (2048K), 2 survivors (2048K)
 Metaspace       used 56169K, committed 56640K, reserved 1114112K
  class space    used 7172K, committed 7424K, reserved 1048576K
}
Event: 7.147 GC heap before
{Heap before GC invocations=18 (full 0):
 garbage-first heap   total 58368K, used 44445K [0x00000000c4c00000, 0x0000000100000000)
  region size 1024K, 20 young (20480K), 2 survivors (2048K)
 Metaspace       used 59697K, committed 60160K, reserved 1114112K
  class space    used 7618K, committed 7872K, reserved 1048576K
}
Event: 7.150 GC heap after
{Heap after GC invocations=19 (full 0):
 garbage-first heap   total 70656K, used 27613K [0x00000000c4c00000, 0x0000000100000000)
  region size 1024K, 3 young (3072K), 3 survivors (3072K)
 Metaspace       used 59697K, committed 60160K, reserved 1114112K
  class space    used 7618K, committed 7872K, reserved 1048576K
}
Event: 7.722 GC heap before
{Heap before GC invocations=20 (full 0):
 garbage-first heap   total 70656K, used 55261K [0x00000000c4c00000, 0x0000000100000000)
  region size 1024K, 31 young (31744K), 3 survivors (3072K)
 Metaspace       used 65371K, committed 65856K, reserved 1114112K
  class space    used 8600K, committed 8832K, reserved 1048576K
}
Event: 7.726 GC heap after
{Heap after GC invocations=21 (full 0):
 garbage-first heap   total 70656K, used 28280K [0x00000000c4c00000, 0x0000000100000000)
  region size 1024K, 2 young (2048K), 2 survivors (2048K)
 Metaspace       used 65371K, committed 65856K, reserved 1114112K
  class space    used 8600K, committed 8832K, reserved 1048576K
}
Event: 10.046 GC heap before
{Heap before GC invocations=22 (full 0):
 garbage-first heap   total 70656K, used 56952K [0x00000000c4c00000, 0x0000000100000000)
  region size 1024K, 30 young (30720K), 2 survivors (2048K)
 Metaspace       used 71027K, committed 71616K, reserved 1114112K
  class space    used 9391K, committed 9664K, reserved 1048576K
}
Event: 10.051 GC heap after
{Heap after GC invocations=23 (full 0):
 garbage-first heap   total 70656K, used 30163K [0x00000000c4c00000, 0x0000000100000000)
  region size 1024K, 4 young (4096K), 4 survivors (4096K)
 Metaspace       used 71027K, committed 71616K, reserved 1114112K
  class space    used 9391K, committed 9664K, reserved 1048576K
}
Event: 10.513 GC heap before
{Heap before GC invocations=23 (full 0):
 garbage-first heap   total 70656K, used 56787K [0x00000000c4c00000, 0x0000000100000000)
  region size 1024K, 30 young (30720K), 4 survivors (4096K)
 Metaspace       used 74514K, committed 75072K, reserved 1114112K
  class space    used 9863K, committed 10112K, reserved 1048576K
}
Event: 10.518 GC heap after
{Heap after GC invocations=24 (full 0):
 garbage-first heap   total 70656K, used 32000K [0x00000000c4c00000, 0x0000000100000000)
  region size 1024K, 4 young (4096K), 4 survivors (4096K)
 Metaspace       used 74514K, committed 75072K, reserved 1114112K
  class space    used 9863K, committed 10112K, reserved 1048576K
}
Event: 10.990 GC heap before
{Heap before GC invocations=24 (full 0):
 garbage-first heap   total 70656K, used 57600K [0x00000000c4c00000, 0x0000000100000000)
  region size 1024K, 29 young (29696K), 4 survivors (4096K)
 Metaspace       used 76782K, committed 77312K, reserved 1179648K
  class space    used 10204K, committed 10432K, reserved 1048576K
}
Event: 10.996 GC heap after
{Heap after GC invocations=25 (full 0):
 garbage-first heap   total 70656K, used 34225K [0x00000000c4c00000, 0x0000000100000000)
  region size 1024K, 4 young (4096K), 4 survivors (4096K)
 Metaspace       used 76782K, committed 77312K, reserved 1179648K
  class space    used 10204K, committed 10432K, reserved 1048576K
}
Event: 11.631 GC heap before
{Heap before GC invocations=25 (full 0):
 garbage-first heap   total 70656K, used 57777K [0x00000000c4c00000, 0x0000000100000000)
  region size 1024K, 27 young (27648K), 4 survivors (4096K)
 Metaspace       used 79943K, committed 80576K, reserved 1179648K
  class space    used 10662K, committed 10944K, reserved 1048576K
}
Event: 11.641 GC heap after
{Heap after GC invocations=26 (full 0):
 garbage-first heap   total 70656K, used 36364K [0x00000000c4c00000, 0x0000000100000000)
  region size 1024K, 3 young (3072K), 3 survivors (3072K)
 Metaspace       used 79943K, committed 80576K, reserved 1179648K
  class space    used 10662K, committed 10944K, reserved 1048576K
}
Event: 128.964 GC heap before
{Heap before GC invocations=26 (full 0):
 garbage-first heap   total 70656K, used 56844K [0x00000000c4c00000, 0x0000000100000000)
  region size 1024K, 23 young (23552K), 3 survivors (3072K)
 Metaspace       used 80721K, committed 81344K, reserved 1179648K
  class space    used 10770K, committed 11072K, reserved 1048576K
}
Event: 129.093 GC heap after
{Heap after GC invocations=27 (full 0):
 garbage-first heap   total 70656K, used 37134K [0x00000000c4c00000, 0x0000000100000000)
  region size 1024K, 1 young (1024K), 1 survivors (1024K)
 Metaspace       used 80721K, committed 81344K, reserved 1179648K
  class space    used 10770K, committed 11072K, reserved 1048576K
}

