# JRE version: OpenJDK Runtime Environment JBR-17.0.8+7-1000.22-jcef (17.0.8+7) (build 17.0.8+7-b1000.22)
# Java VM: OpenJDK 64-Bit Server VM JBR-17.0.8+7-1000.22-jcef (17.0.8+7-b1000.22, mixed mode, tiered, compressed oops, compressed class ptrs, g1 gc, windows-amd64)
GC Precious Log:
 CPUs: 4 total, 4 available
 Memory: 3790M
 Large Page Support: Disabled
 NUMA Support: Disabled
 Compressed Oops: Enabled (32-bit)
 Heap Region Size: 1M
 Heap Min Capacity: 8M
 Heap Initial Capacity: 60M
 Heap Max Capacity: 948M
 Pre-touch: Disabled
 Parallel Workers: 4
 Concurrent Workers: 1
 Concurrent Refinement Workers: 4
 Periodic GC: Disabled
Heap:
 garbage-first heap   total 78848K, used 52231K [0x00000000c4c00000, 0x0000000100000000)
  region size 1024K, 15 young (15360K), 1 survivors (1024K)
 Metaspace       used 86392K, committed 87040K, reserved 1179648K
  class space    used 11598K, committed 11904K, reserved 1048576K
GC Heap History (20 events):
Event: 25.660 GC heap before
{Heap before GC invocations=13 (full 0):
 garbage-first heap   total 78848K, used 57014K [0x00000000c4c00000, 0x0000000100000000)
  region size 1024K, 38 young (38912K), 5 survivors (5120K)
 Metaspace       used 47953K, committed 48320K, reserved 1114112K
  class space    used 6093K, committed 6272K, reserved 1048576K
}
Event: 25.681 GC heap after
{Heap after GC invocations=14 (full 0):
 garbage-first heap   total 78848K, used 24675K [0x00000000c4c00000, 0x0000000100000000)
  region size 1024K, 4 young (4096K), 4 survivors (4096K)
 Metaspace       used 47953K, committed 48320K, reserved 1114112K
  class space    used 6093K, committed 6272K, reserved 1048576K
}
Event: 29.050 GC heap before
{Heap before GC invocations=14 (full 0):
 garbage-first heap   total 78848K, used 58467K [0x00000000c4c00000, 0x0000000100000000)
  region size 1024K, 38 young (38912K), 4 survivors (4096K)
 Metaspace       used 56453K, committed 56960K, reserved 1114112K
  class space    used 7215K, committed 7488K, reserved 1048576K
}
Event: 29.059 GC heap after
{Heap after GC invocations=15 (full 0):
 garbage-first heap   total 78848K, used 27847K [0x00000000c4c00000, 0x0000000100000000)
  region size 1024K, 5 young (5120K), 5 survivors (5120K)
 Metaspace       used 56453K, committed 56960K, reserved 1114112K
  class space    used 7215K, committed 7488K, reserved 1048576K
}
Event: 29.787 GC heap before
{Heap before GC invocations=15 (full 0):
 garbage-first heap   total 78848K, used 43207K [0x00000000c4c00000, 0x0000000100000000)
  region size 1024K, 21 young (21504K), 5 survivors (5120K)
 Metaspace       used 59700K, committed 60160K, reserved 1114112K
  class space    used 7620K, committed 7872K, reserved 1048576K
}
Event: 29.814 GC heap after
{Heap after GC invocations=16 (full 0):
 garbage-first heap   total 78848K, used 28481K [0x00000000c4c00000, 0x0000000100000000)
  region size 1024K, 1 young (1024K), 1 survivors (1024K)
 Metaspace       used 59700K, committed 60160K, reserved 1114112K
  class space    used 7620K, committed 7872K, reserved 1048576K
}
Event: 31.462 GC heap before
{Heap before GC invocations=17 (full 0):
 garbage-first heap   total 78848K, used 61249K [0x00000000c4c00000, 0x0000000100000000)
  region size 1024K, 33 young (33792K), 1 survivors (1024K)
 Metaspace       used 66184K, committed 66688K, reserved 1114112K
  class space    used 8726K, committed 8960K, reserved 1048576K
}
Event: 31.465 GC heap after
{Heap after GC invocations=18 (full 0):
 garbage-first heap   total 78848K, used 29273K [0x00000000c4c00000, 0x0000000100000000)
  region size 1024K, 2 young (2048K), 2 survivors (2048K)
 Metaspace       used 66184K, committed 66688K, reserved 1114112K
  class space    used 8726K, committed 8960K, reserved 1048576K
}
Event: 34.769 GC heap before
{Heap before GC invocations=19 (full 0):
 garbage-first heap   total 78848K, used 62041K [0x00000000c4c00000, 0x0000000100000000)
  region size 1024K, 34 young (34816K), 2 survivors (2048K)
 Metaspace       used 72577K, committed 73152K, reserved 1114112K
  class space    used 9648K, committed 9920K, reserved 1048576K
}
Event: 34.774 GC heap after
{Heap after GC invocations=20 (full 0):
 garbage-first heap   total 78848K, used 31374K [0x00000000c4c00000, 0x0000000100000000)
  region size 1024K, 4 young (4096K), 4 survivors (4096K)
 Metaspace       used 72577K, committed 73152K, reserved 1114112K
  class space    used 9648K, committed 9920K, reserved 1048576K
}
Event: 35.353 GC heap before
{Heap before GC invocations=20 (full 0):
 garbage-first heap   total 78848K, used 62094K [0x00000000c4c00000, 0x0000000100000000)
  region size 1024K, 34 young (34816K), 4 survivors (4096K)
 Metaspace       used 75475K, committed 75968K, reserved 1179648K
  class space    used 10006K, committed 10240K, reserved 1048576K
}
Event: 35.363 GC heap after
{Heap after GC invocations=21 (full 0):
 garbage-first heap   total 78848K, used 33631K [0x00000000c4c00000, 0x0000000100000000)
  region size 1024K, 5 young (5120K), 5 survivors (5120K)
 Metaspace       used 75475K, committed 75968K, reserved 1179648K
  class space    used 10006K, committed 10240K, reserved 1048576K
}
Event: 36.007 GC heap before
{Heap before GC invocations=21 (full 0):
 garbage-first heap   total 78848K, used 61279K [0x00000000c4c00000, 0x0000000100000000)
  region size 1024K, 32 young (32768K), 5 survivors (5120K)
 Metaspace       used 78809K, committed 79360K, reserved 1179648K
  class space    used 10494K, committed 10752K, reserved 1048576K
}
Event: 36.022 GC heap after
{Heap after GC invocations=22 (full 0):
 garbage-first heap   total 78848K, used 36294K [0x00000000c4c00000, 0x0000000100000000)
  region size 1024K, 3 young (3072K), 3 survivors (3072K)
 Metaspace       used 78809K, committed 79360K, reserved 1179648K
  class space    used 10494K, committed 10752K, reserved 1048576K
}
Event: 45.795 GC heap before
{Heap before GC invocations=22 (full 0):
 garbage-first heap   total 78848K, used 61894K [0x00000000c4c00000, 0x0000000100000000)
  region size 1024K, 28 young (28672K), 3 survivors (3072K)
 Metaspace       used 82971K, committed 83648K, reserved 1179648K
  class space    used 11072K, committed 11392K, reserved 1048576K
}
Event: 45.902 GC heap after
{Heap after GC invocations=23 (full 0):
 garbage-first heap   total 78848K, used 38398K [0x00000000c4c00000, 0x0000000100000000)
  region size 1024K, 3 young (3072K), 3 survivors (3072K)
 Metaspace       used 82971K, committed 83648K, reserved 1179648K
  class space    used 11072K, committed 11392K, reserved 1048576K
}
Event: 126.470 GC heap before
{Heap before GC invocations=24 (full 0):
 garbage-first heap   total 78848K, used 60926K [0x00000000c4c00000, 0x0000000100000000)
  region size 1024K, 26 young (26624K), 3 survivors (3072K)
 Metaspace       used 86155K, committed 86784K, reserved 1179648K
  class space    used 11575K, committed 11840K, reserved 1048576K
}
Event: 126.608 GC heap after
{Heap after GC invocations=25 (full 0):
 garbage-first heap   total 78848K, used 38813K [0x00000000c4c00000, 0x0000000100000000)
  region size 1024K, 3 young (3072K), 3 survivors (3072K)
 Metaspace       used 86155K, committed 86784K, reserved 1179648K
  class space    used 11575K, committed 11840K, reserved 1048576K
}
Event: 134.848 GC heap before
{Heap before GC invocations=25 (full 0):
 garbage-first heap   total 78848K, used 39837K [0x00000000c4c00000, 0x0000000100000000)
  region size 1024K, 4 young (4096K), 3 survivors (3072K)
 Metaspace       used 86155K, committed 86784K, reserved 1179648K
  class space    used 11575K, committed 11840K, reserved 1048576K
}
Event: 134.868 GC heap after
{Heap after GC invocations=26 (full 0):
 garbage-first heap   total 78848K, used 38919K [0x00000000c4c00000, 0x0000000100000000)
  region size 1024K, 1 young (1024K), 1 survivors (1024K)
 Metaspace       used 86155K, committed 86784K, reserved 1179648K
  class space    used 11575K, committed 11840K, reserved 1048576K
}

